#
# There is insufficient memory for the Java Runtime Environment to continue.
# Native memory allocation (malloc) failed to allocate 32744 bytes for ChunkPool::allocate
# Possible reasons:
#   The system is out of physical RAM or swap space
#   The process is running with CompressedOops enabled, and the Java Heap may be blocking the growth of the native heap
# Possible solutions:
#   Reduce memory load on the system
#   Increase physical memory or swap space
#   Check if swap backing store is full
#   Decrease Java heap size (-Xmx/-Xms)
#   Decrease number of Java threads
#   Decrease Java thread stack sizes (-Xss)
#   Set larger code cache with -XX:ReservedCodeCacheSize=
#   JVM is running with Unscaled Compressed Oops mode in which the Java heap is
#     placed in the first 4GB address space. The Java Heap base address is the
#     maximum limit for the native heap growth. Please use -XX:HeapBaseMinAddress
#     to set the Java Heap base and to place the Java Heap above 4GB virtual address.
# This output file may be truncated or incomplete.
#
#  Out of Memory Error (t:/workspace/open/src/hotspot/share/memory/arena.cpp:81), pid=21492, tid=1328
#
# JRE version: Java(TM) SE Runtime Environment (11.0.1+13) (build 11.0.1+13-LTS)
# Java VM: Java HotSpot(TM) 64-Bit Server VM (11.0.1+13-LTS, mixed mode, tiered, compressed oops, g1 gc, windows-amd64)
# No core dump will be written. Minidumps are not enabled by default on client versions of Windows
#

---------------  S U M M A R Y ------------

Command Line: -ea -Didea.test.cyclic.buffer.size=1048576 -javaagent:C:\Program Files\JetBrains\IntelliJ IDEA Community Edition 2018.2.6\lib\idea_rt.jar=63477:C:\Program Files\JetBrains\IntelliJ IDEA Community Edition 2018.2.6\bin -Dfile.encoding=UTF-8 com.intellij.rt.execution.junit.JUnitStarter -ideVersion5 -junit4 TestUnionFind,UnionTest

Host: Intel(R) Core(TM) m3-6Y30 CPU @ 0.90GHz, 4 cores, 3G,  Windows 10 , 64 bit Build 17134 (10.0.17134.556)
Time: Tue Mar  5 22:42:19 2019 Taipei Standard Time elapsed time: 1 seconds (0d 0h 0m 1s)

---------------  T H R E A D  ---------------

Current thread (0x00000171d61b0800):  JavaThread "C1 CompilerThread0" daemon [_thread_in_native, id=1328, stack(0x0000001029600000,0x0000001029700000)]


Current CompileTask:
C1:   1183  501       3       java.net.URLStreamHandler::parseURL (1201 bytes)

Stack: [0x0000001029600000,0x0000001029700000]
Native frames: (J=compiled Java code, j=interpreted, Vv=VM code, C=native code)
V  [jvm.dll+0x63c21a]
V  [jvm.dll+0x7797df]
V  [jvm.dll+0x77adca]
V  [jvm.dll+0x77b483]
V  [jvm.dll+0x2627f8]
V  [jvm.dll+0xc5e9b]
V  [jvm.dll+0xc61fc]
V  [jvm.dll+0x10ca6d]
V  [jvm.dll+0x16ded9]
V  [jvm.dll+0x16e295]
V  [jvm.dll+0x1639ac]
V  [jvm.dll+0x16037e]
V  [jvm.dll+0x14b550]
V  [jvm.dll+0x130f69]
V  [jvm.dll+0x130869]
V  [jvm.dll+0x130a9f]
V  [jvm.dll+0x12fc17]
V  [jvm.dll+0x131cb7]
V  [jvm.dll+0x22a97f]
V  [jvm.dll+0x228f98]
V  [jvm.dll+0x73f03d]
V  [jvm.dll+0x63b2b2]
C  [ucrtbase.dll+0x1c4ce]
C  [KERNEL32.DLL+0x13dc4]
C  [ntdll.dll+0x73691]


---------------  P R O C E S S  ---------------

Threads class SMR info:
_java_thread_list=0x00000171d63db760, length=11, elements={
0x00000171b7b87000, 0x00000171d5fe3000, 0x00000171d5ff6800, 0x00000171d605f000,
0x00000171d6061000, 0x00000171d6063000, 0x00000171d61b0800, 0x00000171d6207800,
0x00000171d62fb800, 0x00000171d63df800, 0x00000171d63ea000
}

Java Threads: ( => current thread )
  0x00000171b7b87000 JavaThread "main" [_thread_blocked, id=8784, stack(0x0000001028a00000,0x0000001028b00000)]
  0x00000171d5fe3000 JavaThread "Reference Handler" daemon [_thread_blocked, id=19420, stack(0x0000001029100000,0x0000001029200000)]
  0x00000171d5ff6800 JavaThread "Finalizer" daemon [_thread_blocked, id=15820, stack(0x0000001029200000,0x0000001029300000)]
  0x00000171d605f000 JavaThread "Signal Dispatcher" daemon [_thread_blocked, id=9116, stack(0x0000001029300000,0x0000001029400000)]
  0x00000171d6061000 JavaThread "Attach Listener" daemon [_thread_blocked, id=20348, stack(0x0000001029400000,0x0000001029500000)]
  0x00000171d6063000 JavaThread "C2 CompilerThread0" daemon [_thread_in_native, id=11568, stack(0x0000001029500000,0x0000001029600000)]
=>0x00000171d61b0800 JavaThread "C1 CompilerThread0" daemon [_thread_in_native, id=1328, stack(0x0000001029600000,0x0000001029700000)]
  0x00000171d6207800 JavaThread "Sweeper thread" daemon [_thread_blocked, id=3216, stack(0x0000001029700000,0x0000001029800000)]
  0x00000171d62fb800 JavaThread "Common-Cleaner" daemon [_thread_blocked, id=4828, stack(0x0000001029800000,0x0000001029900000)]
  0x00000171d63df800 JavaThread "Monitor Ctrl-Break" daemon [_thread_in_native, id=7252, stack(0x0000001029900000,0x0000001029a00000)]
  0x00000171d63ea000 JavaThread "Service Thread" daemon [_thread_blocked, id=2256, stack(0x0000001029a00000,0x0000001029b00000)]

Other Threads:
  0x00000171d5fbd000 VMThread "VM Thread" [stack: 0x0000001029000000,0x0000001029100000] [id=6096]
  0x00000171d63eb000 WatcherThread [stack: 0x0000001029b00000,0x0000001029c00000] [id=16216]
  0x00000171b7ba0000 GCTaskThread "GC Thread#0" [stack: 0x0000001028b00000,0x0000001028c00000] [id=19596]
  0x00000171b7bba000 ConcurrentGCThread "G1 Main Marker" [stack: 0x0000001028c00000,0x0000001028d00000] [id=16380]
  0x00000171b7bbb800 ConcurrentGCThread "G1 Conc#0" [stack: 0x0000001028d00000,0x0000001028e00000] [id=16144]
  0x00000171b7c16000 ConcurrentGCThread "G1 Refine#0" [stack: 0x0000001028e00000,0x0000001028f00000] [id=6968]
  0x00000171b7c17000 ConcurrentGCThread "G1 Young RemSet Sampling" [stack: 0x0000001028f00000,0x0000001029000000] [id=16628]

Threads with active compile tasks:
C2 CompilerThread0 510       4       java.lang.StringLatin1::indexOf (121 bytes)
C1 CompilerThread0 501       3       java.net.URLStreamHandler::parseURL (1201 bytes)

VM state:not at safepoint (normal execution)

VM Mutex/Monitor currently owned by a thread: None

Heap address: 0x00000000c1800000, size: 1000 MB, Compressed Oops mode: 32-bit
Narrow klass base: 0x0000000000000000, Narrow klass shift: 3
Compressed class space size: 1073741824 Address: 0x0000000100000000

Heap:
 garbage-first heap   total 65536K, used 5120K [0x00000000c1800000, 0x0000000100000000)
  region size 1024K, 6 young (6144K), 0 survivors (0K)
 Metaspace       used 8793K, capacity 8931K, committed 9088K, reserved 1060864K
  class space    used 834K, capacity 889K, committed 896K, reserved 1048576K
Heap Regions: E=young(eden), S=young(survivor), O=old, HS=humongous(starts), HC=humongous(continues), CS=collection set, F=free, A=archive, TAMS=top-at-mark-start (previous, next)
|   0|0x00000000c1800000, 0x00000000c1800000, 0x00000000c1900000|  0%| F|  |TAMS 0x00000000c1800000, 0x00000000c1800000| Untracked 
|   1|0x00000000c1900000, 0x00000000c1900000, 0x00000000c1a00000|  0%| F|  |TAMS 0x00000000c1900000, 0x00000000c1900000| Untracked 
|   2|0x00000000c1a00000, 0x00000000c1a00000, 0x00000000c1b00000|  0%| F|  |TAMS 0x00000000c1a00000, 0x00000000c1a00000| Untracked 
|   3|0x00000000c1b00000, 0x00000000c1b00000, 0x00000000c1c00000|  0%| F|  |TAMS 0x00000000c1b00000, 0x00000000c1b00000| Untracked 
|   4|0x00000000c1c00000, 0x00000000c1c00000, 0x00000000c1d00000|  0%| F|  |TAMS 0x00000000c1c00000, 0x00000000c1c00000| Untracked 
|   5|0x00000000c1d00000, 0x00000000c1d00000, 0x00000000c1e00000|  0%| F|  |TAMS 0x00000000c1d00000, 0x00000000c1d00000| Untracked 
|   6|0x00000000c1e00000, 0x00000000c1e00000, 0x00000000c1f00000|  0%| F|  |TAMS 0x00000000c1e00000, 0x00000000c1e00000| Untracked 
|   7|0x00000000c1f00000, 0x00000000c1f00000, 0x00000000c2000000|  0%| F|  |TAMS 0x00000000c1f00000, 0x00000000c1f00000| Untracked 
|   8|0x00000000c2000000, 0x00000000c2000000, 0x00000000c2100000|  0%| F|  |TAMS 0x00000000c2000000, 0x00000000c2000000| Untracked 
|   9|0x00000000c2100000, 0x00000000c2100000, 0x00000000c2200000|  0%| F|  |TAMS 0x00000000c2100000, 0x00000000c2100000| Untracked 
|  10|0x00000000c2200000, 0x00000000c2200000, 0x00000000c2300000|  0%| F|  |TAMS 0x00000000c2200000, 0x00000000c2200000| Untracked 
|  11|0x00000000c2300000, 0x00000000c2300000, 0x00000000c2400000|  0%| F|  |TAMS 0x00000000c2300000, 0x00000000c2300000| Untracked 
|  12|0x00000000c2400000, 0x00000000c2400000, 0x00000000c2500000|  0%| F|  |TAMS 0x00000000c2400000, 0x00000000c2400000| Untracked 
|  13|0x00000000c2500000, 0x00000000c2500000, 0x00000000c2600000|  0%| F|  |TAMS 0x00000000c2500000, 0x00000000c2500000| Untracked 
|  14|0x00000000c2600000, 0x00000000c2600000, 0x00000000c2700000|  0%| F|  |TAMS 0x00000000c2600000, 0x00000000c2600000| Untracked 
|  15|0x00000000c2700000, 0x00000000c2700000, 0x00000000c2800000|  0%| F|  |TAMS 0x00000000c2700000, 0x00000000c2700000| Untracked 
|  16|0x00000000c2800000, 0x00000000c2800000, 0x00000000c2900000|  0%| F|  |TAMS 0x00000000c2800000, 0x00000000c2800000| Untracked 
|  17|0x00000000c2900000, 0x00000000c2900000, 0x00000000c2a00000|  0%| F|  |TAMS 0x00000000c2900000, 0x00000000c2900000| Untracked 
|  18|0x00000000c2a00000, 0x00000000c2a00000, 0x00000000c2b00000|  0%| F|  |TAMS 0x00000000c2a00000, 0x00000000c2a00000| Untracked 
|  19|0x00000000c2b00000, 0x00000000c2b00000, 0x00000000c2c00000|  0%| F|  |TAMS 0x00000000c2b00000, 0x00000000c2b00000| Untracked 
|  20|0x00000000c2c00000, 0x00000000c2c00000, 0x00000000c2d00000|  0%| F|  |TAMS 0x00000000c2c00000, 0x00000000c2c00000| Untracked 
|  21|0x00000000c2d00000, 0x00000000c2d00000, 0x00000000c2e00000|  0%| F|  |TAMS 0x00000000c2d00000, 0x00000000c2d00000| Untracked 
|  22|0x00000000c2e00000, 0x00000000c2e00000, 0x00000000c2f00000|  0%| F|  |TAMS 0x00000000c2e00000, 0x00000000c2e00000| Untracked 
|  23|0x00000000c2f00000, 0x00000000c2f00000, 0x00000000c3000000|  0%| F|  |TAMS 0x00000000c2f00000, 0x00000000c2f00000| Untracked 
|  24|0x00000000c3000000, 0x00000000c3000000, 0x00000000c3100000|  0%| F|  |TAMS 0x00000000c3000000, 0x00000000c3000000| Untracked 
|  25|0x00000000c3100000, 0x00000000c3100000, 0x00000000c3200000|  0%| F|  |TAMS 0x00000000c3100000, 0x00000000c3100000| Untracked 
|  26|0x00000000c3200000, 0x00000000c3200000, 0x00000000c3300000|  0%| F|  |TAMS 0x00000000c3200000, 0x00000000c3200000| Untracked 
|  27|0x00000000c3300000, 0x00000000c3300000, 0x00000000c3400000|  0%| F|  |TAMS 0x00000000c3300000, 0x00000000c3300000| Untracked 
|  28|0x00000000c3400000, 0x00000000c3400000, 0x00000000c3500000|  0%| F|  |TAMS 0x00000000c3400000, 0x00000000c3400000| Untracked 
|  29|0x00000000c3500000, 0x00000000c3500000, 0x00000000c3600000|  0%| F|  |TAMS 0x00000000c3500000, 0x00000000c3500000| Untracked 
|  30|0x00000000c3600000, 0x00000000c3600000, 0x00000000c3700000|  0%| F|  |TAMS 0x00000000c3600000, 0x00000000c3600000| Untracked 
|  31|0x00000000c3700000, 0x00000000c3700000, 0x00000000c3800000|  0%| F|  |TAMS 0x00000000c3700000, 0x00000000c3700000| Untracked 
|  32|0x00000000c3800000, 0x00000000c3800000, 0x00000000c3900000|  0%| F|  |TAMS 0x00000000c3800000, 0x00000000c3800000| Untracked 
|  33|0x00000000c3900000, 0x00000000c3900000, 0x00000000c3a00000|  0%| F|  |TAMS 0x00000000c3900000, 0x00000000c3900000| Untracked 
|  34|0x00000000c3a00000, 0x00000000c3a00000, 0x00000000c3b00000|  0%| F|  |TAMS 0x00000000c3a00000, 0x00000000c3a00000| Untracked 
|  35|0x00000000c3b00000, 0x00000000c3b00000, 0x00000000c3c00000|  0%| F|  |TAMS 0x00000000c3b00000, 0x00000000c3b00000| Untracked 
|  36|0x00000000c3c00000, 0x00000000c3c00000, 0x00000000c3d00000|  0%| F|  |TAMS 0x00000000c3c00000, 0x00000000c3c00000| Untracked 
|  37|0x00000000c3d00000, 0x00000000c3d00000, 0x00000000c3e00000|  0%| F|  |TAMS 0x00000000c3d00000, 0x00000000c3d00000| Untracked 
|  38|0x00000000c3e00000, 0x00000000c3e00000, 0x00000000c3f00000|  0%| F|  |TAMS 0x00000000c3e00000, 0x00000000c3e00000| Untracked 
|  39|0x00000000c3f00000, 0x00000000c3f00000, 0x00000000c4000000|  0%| F|  |TAMS 0x00000000c3f00000, 0x00000000c3f00000| Untracked 
|  40|0x00000000c4000000, 0x00000000c4000000, 0x00000000c4100000|  0%| F|  |TAMS 0x00000000c4000000, 0x00000000c4000000| Untracked 
|  41|0x00000000c4100000, 0x00000000c4100000, 0x00000000c4200000|  0%| F|  |TAMS 0x00000000c4100000, 0x00000000c4100000| Untracked 
|  42|0x00000000c4200000, 0x00000000c4200000, 0x00000000c4300000|  0%| F|  |TAMS 0x00000000c4200000, 0x00000000c4200000| Untracked 
|  43|0x00000000c4300000, 0x00000000c4300000, 0x00000000c4400000|  0%| F|  |TAMS 0x00000000c4300000, 0x00000000c4300000| Untracked 
|  44|0x00000000c4400000, 0x00000000c4400000, 0x00000000c4500000|  0%| F|  |TAMS 0x00000000c4400000, 0x00000000c4400000| Untracked 
|  45|0x00000000c4500000, 0x00000000c4500000, 0x00000000c4600000|  0%| F|  |TAMS 0x00000000c4500000, 0x00000000c4500000| Untracked 
|  46|0x00000000c4600000, 0x00000000c4600000, 0x00000000c4700000|  0%| F|  |TAMS 0x00000000c4600000, 0x00000000c4600000| Untracked 
|  47|0x00000000c4700000, 0x00000000c4700000, 0x00000000c4800000|  0%| F|  |TAMS 0x00000000c4700000, 0x00000000c4700000| Untracked 
|  48|0x00000000c4800000, 0x00000000c4800000, 0x00000000c4900000|  0%| F|  |TAMS 0x00000000c4800000, 0x00000000c4800000| Untracked 
|  49|0x00000000c4900000, 0x00000000c4900000, 0x00000000c4a00000|  0%| F|  |TAMS 0x00000000c4900000, 0x00000000c4900000| Untracked 
|  50|0x00000000c4a00000, 0x00000000c4a00000, 0x00000000c4b00000|  0%| F|  |TAMS 0x00000000c4a00000, 0x00000000c4a00000| Untracked 
|  51|0x00000000c4b00000, 0x00000000c4b00000, 0x00000000c4c00000|  0%| F|  |TAMS 0x00000000c4b00000, 0x00000000c4b00000| Untracked 
|  52|0x00000000c4c00000, 0x00000000c4c00000, 0x00000000c4d00000|  0%| F|  |TAMS 0x00000000c4c00000, 0x00000000c4c00000| Untracked 
|  53|0x00000000c4d00000, 0x00000000c4d00000, 0x00000000c4e00000|  0%| F|  |TAMS 0x00000000c4d00000, 0x00000000c4d00000| Untracked 
|  54|0x00000000c4e00000, 0x00000000c4e00000, 0x00000000c4f00000|  0%| F|  |TAMS 0x00000000c4e00000, 0x00000000c4e00000| Untracked 
|  55|0x00000000c4f00000, 0x00000000c4f00000, 0x00000000c5000000|  0%| F|  |TAMS 0x00000000c4f00000, 0x00000000c4f00000| Untracked 
|  56|0x00000000c5000000, 0x00000000c5000000, 0x00000000c5100000|  0%| F|  |TAMS 0x00000000c5000000, 0x00000000c5000000| Untracked 
|  57|0x00000000c5100000, 0x00000000c5100000, 0x00000000c5200000|  0%| F|  |TAMS 0x00000000c5100000, 0x00000000c5100000| Untracked 
|  58|0x00000000c5200000, 0x00000000c528fed8, 0x00000000c5300000| 56%| E|  |TAMS 0x00000000c5200000, 0x00000000c5200000| Complete 
|  59|0x00000000c5300000, 0x00000000c5400000, 0x00000000c5400000|100%| E|CS|TAMS 0x00000000c5300000, 0x00000000c5300000| Complete 
|  60|0x00000000c5400000, 0x00000000c5500000, 0x00000000c5500000|100%| E|CS|TAMS 0x00000000c5400000, 0x00000000c5400000| Complete 
|  61|0x00000000c5500000, 0x00000000c5600000, 0x00000000c5600000|100%| E|CS|TAMS 0x00000000c5500000, 0x00000000c5500000| Complete 
|  62|0x00000000c5600000, 0x00000000c5700000, 0x00000000c5700000|100%| E|CS|TAMS 0x00000000c5600000, 0x00000000c5600000| Complete 
|  63|0x00000000c5700000, 0x00000000c5800000, 0x00000000c5800000|100%| E|CS|TAMS 0x00000000c5700000, 0x00000000c5700000| Complete 

Card table byte_map: [0x00000171d0eb0000,0x00000171d10b0000] _byte_map_base: 0x00000171d08a4000

Marking Bits (Prev, Next): (CMBitMap*) 0x00000171b7bb57a8, (CMBitMap*) 0x00000171b7bb57e0
 Prev Bits: [0x00000171d12b0000, 0x00000171d2250000)
 Next Bits: [0x00000171d2250000, 0x00000171d31f0000)

Polling page: 0x00000171b9410000

Metaspace:

Usage:
  Non-class:      7.85 MB capacity,     7.77 MB ( 99%) used,    74.13 KB ( <1%) free+waste,     8.75 KB ( <1%) overhead. 
      Class:    889.00 KB capacity,   834.63 KB ( 94%) used,    50.38 KB (  6%) free+waste,     4.00 KB ( <1%) overhead. 
       Both:      8.72 MB capacity,     8.59 MB ( 98%) used,   124.50 KB (  1%) free+waste,    12.75 KB ( <1%) overhead. 

Virtual space:
  Non-class space:       12.00 MB reserved,       8.00 MB ( 67%) committed 
      Class space:        1.00 GB reserved,     896.00 KB ( <1%) committed 
             Both:        1.01 GB reserved,       8.88 MB ( <1%) committed 

Chunk freelists:
   Non-Class:  2.75 KB
       Class:  896 bytes
        Both:  3.63 KB

CodeHeap 'non-profiled nmethods': size=120064Kb used=146Kb max_used=146Kb free=119917Kb
 bounds [0x00000171c9140000, 0x00000171c93b0000, 0x00000171d0680000]
CodeHeap 'profiled nmethods': size=120000Kb used=748Kb max_used=748Kb free=119252Kb
 bounds [0x00000171c1c10000, 0x00000171c1e80000, 0x00000171c9140000]
CodeHeap 'non-nmethods': size=5696Kb used=1068Kb max_used=1080Kb free=4627Kb
 bounds [0x00000171c1680000, 0x00000171c18f0000, 0x00000171c1c10000]
 total_blobs=973 nmethods=501 adapters=273
 compilation: enabled
              stopped_count=0, restarted_count=0
 full_count=0

Compilation events (10 events):
Event: 1.135 Thread 0x00000171d61b0800 nmethod 496 0x00000171c1cc8b90 code [0x00000171c1cc8d40, 0x00000171c1cc8ed0]
Event: 1.135 Thread 0x00000171d61b0800  497       3       java.net.URLStreamHandler::setURL (40 bytes)
Event: 1.136 Thread 0x00000171d61b0800 nmethod 497 0x00000171c1cc8f90 code [0x00000171c1cc9160, 0x00000171c1cc9480]
Event: 1.136 Thread 0x00000171d61b0800  498   !   3       java.net.URL::set (114 bytes)
Event: 1.137 Thread 0x00000171d61b0800 nmethod 498 0x00000171c1cc9610 code [0x00000171c1cc98a0, 0x00000171c1cca680]
Event: 1.140 Thread 0x00000171d6063000  499 %     4       java.lang.StringCoding::hasNegatives @ 2 (25 bytes)
Event: 1.146 Thread 0x00000171d6063000 nmethod 499% 0x00000171c9164110 code [0x00000171c91642a0, 0x00000171c91644f8]
Event: 1.156 Thread 0x00000171d61b0800  500       3       sun.net.www.protocol.file.Handler::parseURL (18 bytes)
Event: 1.156 Thread 0x00000171d61b0800 nmethod 500 0x00000171c1ccab10 code [0x00000171c1ccace0, 0x00000171c1ccaee0]
Event: 1.156 Thread 0x00000171d61b0800  501       3       java.net.URLStreamHandler::parseURL (1201 bytes)

GC Heap History (0 events):
No events

Deoptimization events (2 events):
Event: 0.607 Thread 0x00000171b7b87000 Uncommon trap: reason=unstable_if action=reinterpret pc=0x00000171c914e728 method=java.util.HashMap.putVal(ILjava/lang/Object;Ljava/lang/Object;ZZ)Ljava/lang/Object; @ 69 c2
Event: 0.622 Thread 0x00000171b7b87000 Uncommon trap: reason=unstable_if action=reinterpret pc=0x00000171c9146290 method=java.lang.String.isLatin1()Z @ 10 c2

Classes redefined (0 events):
No events

Internal exceptions (3 events):
Event: 0.761 Thread 0x00000171b7b87000 Exception <a 'java/io/FileNotFoundException'{0x00000000c55a66a8}> (0x00000000c55a66a8) thrown at [t:/workspace/open/src/hotspot/share/prims/jni.cpp, line 615]
Event: 0.853 Thread 0x00000171b7b87000 Exception <a 'java/lang/NoSuchMethodError'{0x00000000c5418290}: java.lang.invoke.DirectMethodHandle$Holder.invokeSpecialIFC(Ljava/lang/Object;Ljava/lang/Object;I)I> (0x00000000c5418290) thrown at [t:/workspace/open/src/hotspot/share/interpreter/linkResolv
Event: 1.140 Thread 0x00000171b7b87000 Exception <a 'java/lang/reflect/InvocationTargetException'{0x00000000c52486a0}> (0x00000000c52486a0) thrown at [t:/workspace/open/src/hotspot/share/runtime/reflection.cpp, line 1242]

Events (10 events):
Event: 1.171 loading class java/io/PrintWriter
Event: 1.171 loading class java/io/PrintWriter done
Event: 1.171 loading class java/lang/Throwable$WrappedPrintWriter
Event: 1.171 loading class java/lang/Throwable$PrintStreamOrWriter
Event: 1.171 loading class java/lang/Throwable$PrintStreamOrWriter done
Event: 1.171 loading class java/lang/Throwable$WrappedPrintWriter done
Event: 1.172 loading class java/lang/StackTraceElement$HashedModules
Event: 1.177 loading class java/lang/StackTraceElement$HashedModules done
Event: 1.178 loading class com/intellij/junit4/ExpectedPatterns
Event: 1.178 loading class com/intellij/junit4/ExpectedPatterns done


Dynamic libraries:
0x00007ff734800000 - 0x00007ff734847000 	C:\Program Files\Java\jdk-11.0.1\bin\java.exe
0x00007ffef3d00000 - 0x00007ffef3ee1000 	C:\WINDOWS\SYSTEM32\ntdll.dll
0x00007ffef2390000 - 0x00007ffef2442000 	C:\WINDOWS\System32\KERNEL32.DLL
0x00007ffef0a50000 - 0x00007ffef0cc3000 	C:\WINDOWS\System32\KERNELBASE.dll
0x00007ffef1c90000 - 0x00007ffef1d31000 	C:\WINDOWS\System32\ADVAPI32.dll
0x00007ffef2780000 - 0x00007ffef281e000 	C:\WINDOWS\System32\msvcrt.dll
0x00007ffef1330000 - 0x00007ffef138b000 	C:\WINDOWS\System32\sechost.dll
0x00007ffef2150000 - 0x00007ffef2274000 	C:\WINDOWS\System32\RPCRT4.dll
0x00007ffef17e0000 - 0x00007ffef1970000 	C:\WINDOWS\System32\USER32.dll
0x00007ffef0990000 - 0x00007ffef09b0000 	C:\WINDOWS\System32\win32u.dll
0x00007ffef22e0000 - 0x00007ffef2308000 	C:\WINDOWS\System32\GDI32.dll
0x00007ffef0cd0000 - 0x00007ffef0e62000 	C:\WINDOWS\System32\gdi32full.dll
0x00007ffef09b0000 - 0x00007ffef0a4f000 	C:\WINDOWS\System32\msvcp_win.dll
0x00007ffef07e0000 - 0x00007ffef08da000 	C:\WINDOWS\System32\ucrtbase.dll
0x00007ffedcd20000 - 0x00007ffedcf89000 	C:\WINDOWS\WinSxS\amd64_microsoft.windows.common-controls_6595b64144ccf1df_6.0.17134.590_none_fb3d9bff3069e088\COMCTL32.dll
0x00007ffef1e20000 - 0x00007ffef2142000 	C:\WINDOWS\System32\combase.dll
0x00007ffef1110000 - 0x00007ffef118a000 	C:\WINDOWS\System32\bcryptPrimitives.dll
0x00007ffedd0d0000 - 0x00007ffedd0da000 	C:\WINDOWS\SYSTEM32\VERSION.dll
0x00007ffef26f0000 - 0x00007ffef271d000 	C:\WINDOWS\System32\IMM32.DLL
0x00007ffeeaae0000 - 0x00007ffeeaaf6000 	C:\Program Files\Java\jdk-11.0.1\bin\vcruntime140.dll
0x00007ffed3900000 - 0x00007ffed39aa000 	C:\Program Files\Java\jdk-11.0.1\bin\msvcp140.dll
0x00007ffec3470000 - 0x00007ffec3fb2000 	C:\Program Files\Java\jdk-11.0.1\bin\server\jvm.dll
0x00007ffef3cc0000 - 0x00007ffef3cc8000 	C:\WINDOWS\System32\PSAPI.DLL
0x00007ffeeec00000 - 0x00007ffeeec09000 	C:\WINDOWS\SYSTEM32\WSOCK32.dll
0x00007ffef2450000 - 0x00007ffef24bc000 	C:\WINDOWS\System32\WS2_32.dll
0x00007ffeedcc0000 - 0x00007ffeedce3000 	C:\WINDOWS\SYSTEM32\WINMM.dll
0x00007ffeed950000 - 0x00007ffeed97a000 	C:\WINDOWS\SYSTEM32\WINMMBASE.dll
0x00007ffef1060000 - 0x00007ffef10a9000 	C:\WINDOWS\System32\cfgmgr32.dll
0x00007ffef0090000 - 0x00007ffef00a1000 	C:\WINDOWS\System32\kernel.appcore.dll
0x00007ffee9600000 - 0x00007ffee9611000 	C:\Program Files\Java\jdk-11.0.1\bin\verify.dll
0x00007ffeeea00000 - 0x00007ffeeebc9000 	C:\WINDOWS\SYSTEM32\DBGHELP.DLL
0x00007ffeda330000 - 0x00007ffeda359000 	C:\WINDOWS\SYSTEM32\dbgcore.DLL
0x00007ffede2d0000 - 0x00007ffede2f9000 	C:\Program Files\Java\jdk-11.0.1\bin\java.dll
0x00007ffedad90000 - 0x00007ffedadbf000 	C:\Program Files\Java\jdk-11.0.1\bin\instrument.dll
0x00007ffee9590000 - 0x00007ffee95a6000 	C:\Program Files\Java\jdk-11.0.1\bin\zip.dll
0x00007ffeeaad0000 - 0x00007ffeeaada000 	C:\Program Files\Java\jdk-11.0.1\bin\jimage.dll
0x00007ffef2820000 - 0x00007ffef3c60000 	C:\WINDOWS\System32\SHELL32.dll
0x00007ffef1d70000 - 0x00007ffef1e19000 	C:\WINDOWS\System32\shcore.dll
0x00007ffef00d0000 - 0x00007ffef07dd000 	C:\WINDOWS\System32\windows.storage.dll
0x00007ffef2280000 - 0x00007ffef22d1000 	C:\WINDOWS\System32\shlwapi.dll
0x00007ffef0060000 - 0x00007ffef007f000 	C:\WINDOWS\System32\profapi.dll
0x00007ffef0010000 - 0x00007ffef005c000 	C:\WINDOWS\System32\powrprof.dll
0x00007ffef0080000 - 0x00007ffef008a000 	C:\WINDOWS\System32\FLTLIB.DLL
0x00007ffedac60000 - 0x00007ffedac79000 	C:\Program Files\Java\jdk-11.0.1\bin\net.dll
0x00007ffee38d0000 - 0x00007ffee39ad000 	C:\WINDOWS\SYSTEM32\WINHTTP.dll
0x00007ffeef830000 - 0x00007ffeef896000 	C:\WINDOWS\system32\mswsock.dll
0x00007ffed8bd0000 - 0x00007ffed8be3000 	C:\Program Files\Java\jdk-11.0.1\bin\nio.dll
0x00007ffed7ae0000 - 0x00007ffed7afa000 	C:\Program Files\JetBrains\IntelliJ IDEA Community Edition 2018.2.6\bin\breakgen64.dll

dbghelp: loaded successfully - version: 4.0.5 - missing functions: none
symbol engine: initialized successfully - sym options: 0x614 - pdb path: .;C:\Program Files\Java\jdk-11.0.1\bin;C:\WINDOWS\SYSTEM32;C:\WINDOWS\WinSxS\amd64_microsoft.windows.common-controls_6595b64144ccf1df_6.0.17134.590_none_fb3d9bff3069e088;C:\Program Files\Java\jdk-11.0.1\bin\server;C:\Program Files\JetBrains\IntelliJ IDEA Community Edition 2018.2.6\bin

VM Arguments:
jvm_args: -ea -Didea.test.cyclic.buffer.size=1048576 -javaagent:C:\Program Files\JetBrains\IntelliJ IDEA Community Edition 2018.2.6\lib\idea_rt.jar=63477:C:\Program Files\JetBrains\IntelliJ IDEA Community Edition 2018.2.6\bin -Dfile.encoding=UTF-8 
java_command: com.intellij.rt.execution.junit.JUnitStarter -ideVersion5 -junit4 TestUnionFind,UnionTest
java_class_path (initial): C:\Program Files\JetBrains\IntelliJ IDEA Community Edition 2018.2.6\lib\idea_rt.jar;C:\Program Files\JetBrains\IntelliJ IDEA Community Edition 2018.2.6\plugins\junit\lib\junit-rt.jar;C:\Program Files\JetBrains\IntelliJ IDEA Community Edition 2018.2.6\plugins\junit\lib\junit5-rt.jar;C:\Users\a2259\Desktop\UCBerkeley CS61B-Sp19\skeleton-sp18, 19\lab6\out\production\lab6;C:\Users\a2259\Desktop\UCBerkeley CS61B-Sp19\skeleton-sp18, 19\library-sp18\javalib\algs4.jar;C:\Users\a2259\Desktop\UCBerkeley CS61B-Sp19\skeleton-sp18, 19\library-sp18\javalib\jh61b.jar;C:\Users\a2259\Desktop\UCBerkeley CS61B-Sp19\skeleton-sp18, 19\library-sp18\javalib\stdlib.jar;C:\Users\a2259\Desktop\UCBerkeley CS61B-Sp19\skeleton-sp18, 19\library-sp18\javalib\junit-4.12.jar;C:\Users\a2259\Desktop\UCBerkeley CS61B-Sp19\skeleton-sp18, 19\library-sp18\javalib\stdlib-package.jar;C:\Users\a2259\Desktop\UCBerkeley CS61B-Sp19\skeleton-sp18, 19\library-sp18\javalib\hamcrest-core-1.3.jar
Launcher Type: SUN_STANDARD

[Global flags]
     intx CICompilerCount                          = 3                                         {product} {ergonomic}
     uint ConcGCThreads                            = 1                                         {product} {ergonomic}
     uint G1ConcRefinementThreads                  = 4                                         {product} {ergonomic}
   size_t G1HeapRegionSize                         = 1048576                                   {product} {ergonomic}
    uintx GCDrainStackTargetSize                   = 64                                        {product} {ergonomic}
   size_t InitialHeapSize                          = 67108864                                  {product} {ergonomic}
   size_t MarkStackSize                            = 4194304                                   {product} {ergonomic}
   size_t MaxHeapSize                              = 1048576000                                {product} {ergonomic}
   size_t MaxNewSize                               = 629145600                                 {product} {ergonomic}
   size_t MinHeapDeltaBytes                        = 1048576                                   {product} {ergonomic}
    uintx NonNMethodCodeHeapSize                   = 5830092                                {pd product} {ergonomic}
    uintx NonProfiledCodeHeapSize                  = 122914074                              {pd product} {ergonomic}
    uintx ProfiledCodeHeapSize                     = 122914074                              {pd product} {ergonomic}
    uintx ReservedCodeCacheSize                    = 251658240                              {pd product} {ergonomic}
     bool SegmentedCodeCache                       = true                                      {product} {ergonomic}
     bool UseCompressedClassPointers               = true                                 {lp64_product} {ergonomic}
     bool UseCompressedOops                        = true                                 {lp64_product} {ergonomic}
     bool UseG1GC                                  = true                                      {product} {ergonomic}
     bool UseLargePagesIndividualAllocation        = false                                  {pd product} {ergonomic}

Logging:
Log output configuration:
 #0: stdout all=warning uptime,level,tags
 #1: stderr all=off uptime,level,tags

Environment Variables:
JAVA_HOME=C:\Program Files\Java\jdk1.8.0_191
PATH=C:\Program Files (x86)\Common Files\Oracle\Java\javapath;C:\ProgramData\Anaconda3;C:\ProgramData\Anaconda3\Library\mingw-w64\bin;C:\ProgramData\Anaconda3\Library\usr\bin;C:\ProgramData\Anaconda3\Library\bin;C:\ProgramData\Anaconda3\Scripts;C:\Perl64\site\bin;C:\Perl64\bin;C:\ProgramData\Oracle\Java\javapath;C:\Program Files (x86)\Intel\iCLS Client\;C:\Program Files\Intel\iCLS Client\;C:\WINDOWS\system32;C:\WINDOWS;C:\WINDOWS\System32\Wbem;C:\WINDOWS\System32\WindowsPowerShell\v1.0;C:\Program Files (x86)\Intel\Intel(R) Management Engine Components\DAL;C:\Program Files\Intel\Intel(R) Management Engine Components\DAL;C:\Program Files (x86)\Intel\Intel(R) Management Engine Components\IPT;C:\Program Files\Intel\Intel(R) Management Engine Components\IPT;C:\Program Files (x86)\Pandoc\;C:\Program Files\Intel\WiFi\bin\;C:\Program Files\Common Files\Intel\WirelessCommon\;C:\Program Files\dotnet\;C:\WINDOWS\System32\OpenSSH\;C:\Program Files\Microsoft VS Code\bin;C:\Program Files\Java\jdk1.8.0_191\bin;C:\Program Files\Sublime Text 3;C:\Users\a2259\AppData\Local\Programs\Python\Python37\Scripts\;C:\Users\a2259\AppData\Local\Programs\Python\Python37\;"C:\Users\a2259\AppData\Local\Microsoft\WindowsApps;C:\python36\script";C:\Users\a2259\AppData\Local\atom\bin;C:\Users\a2259\AppData\Local\SQLite;C:\Users\a2259\AppData\Local\GitHubDesktop\bin
USERNAME=petersue
OS=Windows_NT
PROCESSOR_IDENTIFIER=Intel64 Family 6 Model 78 Stepping 3, GenuineIntel



---------------  S Y S T E M  ---------------

OS: Windows 10 , 64 bit Build 17134 (10.0.17134.556)

CPU:total 4 (initial active 4) (2 cores per cpu, 2 threads per core) family 6 model 78 stepping 3, cmov, cx8, fxsr, mmx, sse, sse2, sse3, ssse3, sse4.1, sse4.2, popcnt, avx, avx2, aes, clmul, erms, 3dnowpref, lzcnt, ht, tsc, tscinvbit, bmi1, bmi2, adx, fma

Memory: 4k page, system-wide physical 3992M (389M free)
TotalPageFile size 16280M (AvailPageFile size 0M)
current process WorkingSet (physical memory assigned to process): 43M, peak: 43M
current process commit charge ("private bytes"): 137M, peak: 137M

vm_info: Java HotSpot(TM) 64-Bit Server VM (11.0.1+13-LTS) for windows-amd64 JRE (11.0.1+13-LTS), built on Oct  6 2018 13:20:16 by "mach5one" with MS VC++ 15.5 (VS2017)

END.
