#
# There is insufficient memory for the Java Runtime Environment to continue.
# Native memory allocation (malloc) failed to allocate 1048576 bytes for AllocateHeap
# Possible reasons:
#   The system is out of physical RAM or swap space
#   The process is running with CompressedOops enabled, and the Java Heap may be blocking the growth of the native heap
# Possible solutions:
#   Reduce memory load on the system
#   Increase physical memory or swap space
#   Check if swap backing store is full
#   Decrease Java heap size (-Xmx/-Xms)
#   Decrease number of Java threads
#   Decrease Java thread stack sizes (-Xss)
#   Set larger code cache with -XX:ReservedCodeCacheSize=
#   JVM is running with Unscaled Compressed Oops mode in which the Java heap is
#     placed in the first 4GB address space. The Java Heap base address is the
#     maximum limit for the native heap growth. Please use -XX:HeapBaseMinAddress
#     to set the Java Heap base and to place the Java Heap above 4GB virtual address.
# This output file may be truncated or incomplete.
#
#  Out of Memory Error (t:/workspace/open/src/hotspot/share/memory/allocation.cpp:46), pid=18240, tid=8588
#
# JRE version: Java(TM) SE Runtime Environment (11.0.1+13) (build 11.0.1+13-LTS)
# Java VM: Java HotSpot(TM) 64-Bit Server VM (11.0.1+13-LTS, mixed mode, tiered, compressed oops, g1 gc, windows-amd64)
# No core dump will be written. Minidumps are not enabled by default on client versions of Windows
#

---------------  S U M M A R Y ------------

Command Line: -ea -Didea.test.cyclic.buffer.size=1048576 -javaagent:C:\Program Files\JetBrains\IntelliJ IDEA Community Edition 2018.2.6\lib\idea_rt.jar=63470:C:\Program Files\JetBrains\IntelliJ IDEA Community Edition 2018.2.6\bin -Dfile.encoding=UTF-8 com.intellij.rt.execution.junit.JUnitStarter -ideVersion5 -junit4 TestUnionFind,UnionTest

Host: Intel(R) Core(TM) m3-6Y30 CPU @ 0.90GHz, 4 cores, 3G,  Windows 10 , 64 bit Build 17134 (10.0.17134.556)
Time: Tue Mar  5 22:41:31 2019 Taipei Standard Time elapsed time: 0 seconds (0d 0h 0m 0s)

---------------  T H R E A D  ---------------

Current thread (0x000001cdcaf7f000):  VMThread "VM Thread" [stack: 0x0000009736300000,0x0000009736400000] [id=8588]

Stack: [0x0000009736300000,0x0000009736400000]
[error occurred during error reporting (printing stack bounds), id 0xc0000005, EXCEPTION_ACCESS_VIOLATION (0xc0000005) at pc=0x000001cdb6dc0bad]

Native frames: (J=compiled Java code, j=interpreted, Vv=VM code, C=native code)
V  [jvm.dll+0x63c21a]
V  [jvm.dll+0x7797df]
V  [jvm.dll+0x77adca]
V  [jvm.dll+0x77b3e5]
V  [jvm.dll+0x77b39b]
V  [jvm.dll+0x63b916]
V  [jvm.dll+0x63bce8]
C  [ntdll.dll+0x9f7dd]
C  [ntdll.dll+0xd856]
C  [ntdll.dll+0x9e70e]
C  0x000001cdb6dc0bad

VM_Operation (0x0000009735dfca40): CollectForMetadataAllocation, mode: safepoint, requested by thread 0x000001cdaea9c000


---------------  P R O C E S S  ---------------

Threads class SMR info:
_java_thread_list=0x000001cdcb36a970, length=11, elements={
0x000001cdaea9c000, 0x000001cdcafa4000, 0x000001cdcafa5000, 0x000001cdcb018000,
0x000001cdcb01a000, 0x000001cdcb01c800, 0x000001cdcb025000, 0x000001cdcb027000,
0x000001cdcb28b800, 0x000001cdcb37f800, 0x000001cdcb388800
}

Java Threads: ( => current thread )
  0x000001cdaea9c000 JavaThread "main" [_thread_blocked, id=100, stack(0x0000009735d00000,0x0000009735e00000)]
  0x000001cdcafa4000 JavaThread "Reference Handler" daemon [_thread_blocked, id=7104, stack(0x0000009736400000,0x0000009736500000)]
  0x000001cdcafa5000 JavaThread "Finalizer" daemon [_thread_blocked, id=17584, stack(0x0000009736500000,0x0000009736600000)]
  0x000001cdcb018000 JavaThread "Signal Dispatcher" daemon [_thread_blocked, id=19232, stack(0x0000009736600000,0x0000009736700000)]
  0x000001cdcb01a000 JavaThread "Attach Listener" daemon [_thread_blocked, id=4856, stack(0x0000009736700000,0x0000009736800000)]
  0x000001cdcb01c800 JavaThread "C2 CompilerThread0" daemon [_thread_blocked, id=4284, stack(0x0000009736800000,0x0000009736900000)]
  0x000001cdcb025000 JavaThread "C1 CompilerThread0" daemon [_thread_blocked, id=3132, stack(0x0000009736900000,0x0000009736a00000)]
  0x000001cdcb027000 JavaThread "Sweeper thread" daemon [_thread_blocked, id=3024, stack(0x0000009736a00000,0x0000009736b00000)]
  0x000001cdcb28b800 JavaThread "Common-Cleaner" daemon [_thread_blocked, id=21484, stack(0x0000009736b00000,0x0000009736c00000)]
  0x000001cdcb37f800 JavaThread "Monitor Ctrl-Break" daemon [_thread_blocked, id=5684, stack(0x0000009736c00000,0x0000009736d00000)]
  0x000001cdcb388800 JavaThread "Service Thread" daemon [_thread_blocked, id=16032, stack(0x0000009736d00000,0x0000009736e00000)]

Other Threads:
=>0x000001cdcaf7f000 VMThread "VM Thread" [stack: 0x0000009736300000,0x0000009736400000] [id=8588]
  0x000001cdcb38a800 WatcherThread [stack: 0x0000009736e00000,0x0000009736f00000] [id=19368]
  0x000001cdaeab5000 GCTaskThread "GC Thread#0" [stack: 0x0000009735e00000,0x0000009735f00000] [id=20900]
  0x000001cdcb450800 GCTaskThread "GC Thread#1" [stack: 0x0000009736f00000,0x0000009737000000] [id=3136]
  0x000001cdaeacf000 ConcurrentGCThread "G1 Main Marker" [stack: 0x0000009735f00000,0x0000009736000000] [id=18868]
  0x000001cdaead0800 ConcurrentGCThread "G1 Conc#0" [stack: 0x0000009736000000,0x0000009736100000] [id=1896]
  0x000001cdaeb23000 ConcurrentGCThread "G1 Refine#0" [stack: 0x0000009736100000,0x0000009736200000] [id=11276]
  0x000001cdaeb24000 ConcurrentGCThread "G1 Young RemSet Sampling" [stack: 0x0000009736200000,0x0000009736300000] [id=15520]

Threads with active compile tasks:

VM state:at safepoint (normal execution)

VM Mutex/Monitor currently owned by a thread:  ([mutex/lock_event])
[0x000001cdaea9a8a0] Threads_lock - owner thread: 0x000001cdcaf7f000
[0x000001cdaea9b860] Heap_lock - owner thread: 0x000001cdaea9c000

Heap address: 0x00000000c1800000, size: 1000 MB, Compressed Oops mode: 32-bit
Narrow klass base: 0x0000000000000000, Narrow klass shift: 3
Compressed class space size: 1073741824 Address: 0x0000000100000000

Heap:
 garbage-first heap   total 65536K, used 1224K [0x00000000c1800000, 0x0000000100000000)
  region size 1024K, 2 young (2048K), 2 survivors (2048K)
 Metaspace       used 7254K, capacity 7366K, committed 7424K, reserved 1079296K
  class space    used 650K, capacity 710K, committed 768K, reserved 1048576K
Heap Regions: E=young(eden), S=young(survivor), O=old, HS=humongous(starts), HC=humongous(continues), CS=collection set, F=free, A=archive, TAMS=top-at-mark-start (previous, next)
|   0|0x00000000c1800000, 0x00000000c1800000, 0x00000000c1900000|  0%| F|  |TAMS 0x00000000c1800000, 0x00000000c1800000| Untracked 
|   1|0x00000000c1900000, 0x00000000c1900000, 0x00000000c1a00000|  0%| F|  |TAMS 0x00000000c1900000, 0x00000000c1900000| Untracked 
|   2|0x00000000c1a00000, 0x00000000c1a00000, 0x00000000c1b00000|  0%| F|  |TAMS 0x00000000c1a00000, 0x00000000c1a00000| Untracked 
|   3|0x00000000c1b00000, 0x00000000c1b00000, 0x00000000c1c00000|  0%| F|  |TAMS 0x00000000c1b00000, 0x00000000c1b00000| Untracked 
|   4|0x00000000c1c00000, 0x00000000c1c00000, 0x00000000c1d00000|  0%| F|  |TAMS 0x00000000c1c00000, 0x00000000c1c00000| Untracked 
|   5|0x00000000c1d00000, 0x00000000c1d00000, 0x00000000c1e00000|  0%| F|  |TAMS 0x00000000c1d00000, 0x00000000c1d00000| Untracked 
|   6|0x00000000c1e00000, 0x00000000c1e00000, 0x00000000c1f00000|  0%| F|  |TAMS 0x00000000c1e00000, 0x00000000c1e00000| Untracked 
|   7|0x00000000c1f00000, 0x00000000c1f00000, 0x00000000c2000000|  0%| F|  |TAMS 0x00000000c1f00000, 0x00000000c1f00000| Untracked 
|   8|0x00000000c2000000, 0x00000000c2000000, 0x00000000c2100000|  0%| F|  |TAMS 0x00000000c2000000, 0x00000000c2000000| Untracked 
|   9|0x00000000c2100000, 0x00000000c2100000, 0x00000000c2200000|  0%| F|  |TAMS 0x00000000c2100000, 0x00000000c2100000| Untracked 
|  10|0x00000000c2200000, 0x00000000c2200000, 0x00000000c2300000|  0%| F|  |TAMS 0x00000000c2200000, 0x00000000c2200000| Untracked 
|  11|0x00000000c2300000, 0x00000000c2300000, 0x00000000c2400000|  0%| F|  |TAMS 0x00000000c2300000, 0x00000000c2300000| Untracked 
|  12|0x00000000c2400000, 0x00000000c2400000, 0x00000000c2500000|  0%| F|  |TAMS 0x00000000c2400000, 0x00000000c2400000| Untracked 
|  13|0x00000000c2500000, 0x00000000c2500000, 0x00000000c2600000|  0%| F|  |TAMS 0x00000000c2500000, 0x00000000c2500000| Untracked 
|  14|0x00000000c2600000, 0x00000000c2600000, 0x00000000c2700000|  0%| F|  |TAMS 0x00000000c2600000, 0x00000000c2600000| Untracked 
|  15|0x00000000c2700000, 0x00000000c2700000, 0x00000000c2800000|  0%| F|  |TAMS 0x00000000c2700000, 0x00000000c2700000| Untracked 
|  16|0x00000000c2800000, 0x00000000c2800000, 0x00000000c2900000|  0%| F|  |TAMS 0x00000000c2800000, 0x00000000c2800000| Untracked 
|  17|0x00000000c2900000, 0x00000000c2900000, 0x00000000c2a00000|  0%| F|  |TAMS 0x00000000c2900000, 0x00000000c2900000| Untracked 
|  18|0x00000000c2a00000, 0x00000000c2a00000, 0x00000000c2b00000|  0%| F|  |TAMS 0x00000000c2a00000, 0x00000000c2a00000| Untracked 
|  19|0x00000000c2b00000, 0x00000000c2b00000, 0x00000000c2c00000|  0%| F|  |TAMS 0x00000000c2b00000, 0x00000000c2b00000| Untracked 
|  20|0x00000000c2c00000, 0x00000000c2c00000, 0x00000000c2d00000|  0%| F|  |TAMS 0x00000000c2c00000, 0x00000000c2c00000| Untracked 
|  21|0x00000000c2d00000, 0x00000000c2d00000, 0x00000000c2e00000|  0%| F|  |TAMS 0x00000000c2d00000, 0x00000000c2d00000| Untracked 
|  22|0x00000000c2e00000, 0x00000000c2e00000, 0x00000000c2f00000|  0%| F|  |TAMS 0x00000000c2e00000, 0x00000000c2e00000| Untracked 
|  23|0x00000000c2f00000, 0x00000000c2f00000, 0x00000000c3000000|  0%| F|  |TAMS 0x00000000c2f00000, 0x00000000c2f00000| Untracked 
|  24|0x00000000c3000000, 0x00000000c3000000, 0x00000000c3100000|  0%| F|  |TAMS 0x00000000c3000000, 0x00000000c3000000| Untracked 
|  25|0x00000000c3100000, 0x00000000c3100000, 0x00000000c3200000|  0%| F|  |TAMS 0x00000000c3100000, 0x00000000c3100000| Untracked 
|  26|0x00000000c3200000, 0x00000000c3200000, 0x00000000c3300000|  0%| F|  |TAMS 0x00000000c3200000, 0x00000000c3200000| Untracked 
|  27|0x00000000c3300000, 0x00000000c3300000, 0x00000000c3400000|  0%| F|  |TAMS 0x00000000c3300000, 0x00000000c3300000| Untracked 
|  28|0x00000000c3400000, 0x00000000c3400000, 0x00000000c3500000|  0%| F|  |TAMS 0x00000000c3400000, 0x00000000c3400000| Untracked 
|  29|0x00000000c3500000, 0x00000000c3500000, 0x00000000c3600000|  0%| F|  |TAMS 0x00000000c3500000, 0x00000000c3500000| Untracked 
|  30|0x00000000c3600000, 0x00000000c3600000, 0x00000000c3700000|  0%| F|  |TAMS 0x00000000c3600000, 0x00000000c3600000| Untracked 
|  31|0x00000000c3700000, 0x00000000c3700000, 0x00000000c3800000|  0%| F|  |TAMS 0x00000000c3700000, 0x00000000c3700000| Untracked 
|  32|0x00000000c3800000, 0x00000000c3800000, 0x00000000c3900000|  0%| F|  |TAMS 0x00000000c3800000, 0x00000000c3800000| Untracked 
|  33|0x00000000c3900000, 0x00000000c3900000, 0x00000000c3a00000|  0%| F|  |TAMS 0x00000000c3900000, 0x00000000c3900000| Untracked 
|  34|0x00000000c3a00000, 0x00000000c3a00000, 0x00000000c3b00000|  0%| F|  |TAMS 0x00000000c3a00000, 0x00000000c3a00000| Untracked 
|  35|0x00000000c3b00000, 0x00000000c3b00000, 0x00000000c3c00000|  0%| F|  |TAMS 0x00000000c3b00000, 0x00000000c3b00000| Untracked 
|  36|0x00000000c3c00000, 0x00000000c3c00000, 0x00000000c3d00000|  0%| F|  |TAMS 0x00000000c3c00000, 0x00000000c3c00000| Untracked 
|  37|0x00000000c3d00000, 0x00000000c3d00000, 0x00000000c3e00000|  0%| F|  |TAMS 0x00000000c3d00000, 0x00000000c3d00000| Untracked 
|  38|0x00000000c3e00000, 0x00000000c3e00000, 0x00000000c3f00000|  0%| F|  |TAMS 0x00000000c3e00000, 0x00000000c3e00000| Untracked 
|  39|0x00000000c3f00000, 0x00000000c3f00000, 0x00000000c4000000|  0%| F|  |TAMS 0x00000000c3f00000, 0x00000000c3f00000| Untracked 
|  40|0x00000000c4000000, 0x00000000c4000000, 0x00000000c4100000|  0%| F|  |TAMS 0x00000000c4000000, 0x00000000c4000000| Untracked 
|  41|0x00000000c4100000, 0x00000000c4100000, 0x00000000c4200000|  0%| F|  |TAMS 0x00000000c4100000, 0x00000000c4100000| Untracked 
|  42|0x00000000c4200000, 0x00000000c4200000, 0x00000000c4300000|  0%| F|  |TAMS 0x00000000c4200000, 0x00000000c4200000| Untracked 
|  43|0x00000000c4300000, 0x00000000c4300000, 0x00000000c4400000|  0%| F|  |TAMS 0x00000000c4300000, 0x00000000c4300000| Untracked 
|  44|0x00000000c4400000, 0x00000000c4400000, 0x00000000c4500000|  0%| F|  |TAMS 0x00000000c4400000, 0x00000000c4400000| Untracked 
|  45|0x00000000c4500000, 0x00000000c4500000, 0x00000000c4600000|  0%| F|  |TAMS 0x00000000c4500000, 0x00000000c4500000| Untracked 
|  46|0x00000000c4600000, 0x00000000c4600000, 0x00000000c4700000|  0%| F|  |TAMS 0x00000000c4600000, 0x00000000c4600000| Untracked 
|  47|0x00000000c4700000, 0x00000000c4700000, 0x00000000c4800000|  0%| F|  |TAMS 0x00000000c4700000, 0x00000000c4700000| Untracked 
|  48|0x00000000c4800000, 0x00000000c4800000, 0x00000000c4900000|  0%| F|  |TAMS 0x00000000c4800000, 0x00000000c4800000| Untracked 
|  49|0x00000000c4900000, 0x00000000c4900000, 0x00000000c4a00000|  0%| F|  |TAMS 0x00000000c4900000, 0x00000000c4900000| Untracked 
|  50|0x00000000c4a00000, 0x00000000c4a00000, 0x00000000c4b00000|  0%| F|  |TAMS 0x00000000c4a00000, 0x00000000c4a00000| Untracked 
|  51|0x00000000c4b00000, 0x00000000c4b00000, 0x00000000c4c00000|  0%| F|  |TAMS 0x00000000c4b00000, 0x00000000c4b00000| Untracked 
|  52|0x00000000c4c00000, 0x00000000c4c00000, 0x00000000c4d00000|  0%| F|  |TAMS 0x00000000c4c00000, 0x00000000c4c00000| Untracked 
|  53|0x00000000c4d00000, 0x00000000c4d00000, 0x00000000c4e00000|  0%| F|  |TAMS 0x00000000c4d00000, 0x00000000c4d00000| Untracked 
|  54|0x00000000c4e00000, 0x00000000c4e00000, 0x00000000c4f00000|  0%| F|  |TAMS 0x00000000c4e00000, 0x00000000c4e00000| Untracked 
|  55|0x00000000c4f00000, 0x00000000c4f00000, 0x00000000c5000000|  0%| F|  |TAMS 0x00000000c4f00000, 0x00000000c4f00000| Untracked 
|  56|0x00000000c5000000, 0x00000000c5000000, 0x00000000c5100000|  0%| F|  |TAMS 0x00000000c5000000, 0x00000000c5000000| Untracked 
|  57|0x00000000c5100000, 0x00000000c5100000, 0x00000000c5200000|  0%| F|  |TAMS 0x00000000c5100000, 0x00000000c5100000| Untracked 
|  58|0x00000000c5200000, 0x00000000c5232010, 0x00000000c5300000| 19%| S|CS|TAMS 0x00000000c5200000, 0x00000000c5200000| Complete 
|  59|0x00000000c5300000, 0x00000000c5400000, 0x00000000c5400000|100%| S|CS|TAMS 0x00000000c5300000, 0x00000000c5300000| Complete 
|  60|0x00000000c5400000, 0x00000000c5400000, 0x00000000c5500000|  0%| F|  |TAMS 0x00000000c5400000, 0x00000000c5400000| Untracked 
|  61|0x00000000c5500000, 0x00000000c5500000, 0x00000000c5600000|  0%| F|  |TAMS 0x00000000c5500000, 0x00000000c5500000| Untracked 
|  62|0x00000000c5600000, 0x00000000c5600000, 0x00000000c5700000|  0%| F|  |TAMS 0x00000000c5600000, 0x00000000c5600000| Untracked 
|  63|0x00000000c5700000, 0x00000000c5700000, 0x00000000c5800000|  0%| F|  |TAMS 0x00000000c5700000, 0x00000000c5700000| Untracked 

Card table byte_map: [0x000001cdc5fc0000,0x000001cdc61c0000] _byte_map_base: 0x000001cdc59b4000

Marking Bits (Prev, Next): (CMBitMap*) 0x000001cdaeaca7a8, (CMBitMap*) 0x000001cdaeaca7e0
 Prev Bits: [0x000001cdc63c0000, 0x000001cdc7360000)
 Next Bits: [0x000001cdc7360000, 0x000001cdc8300000)

Polling page: 0x000001cdaca40000

Metaspace:

Usage:
  Non-class:      6.50 MB capacity,     6.45 MB (>99%) used,    47.51 KB ( <1%) free+waste,     5.00 KB ( <1%) overhead. 
      Class:    710.00 KB capacity,   650.87 KB ( 92%) used,    56.63 KB (  8%) free+waste,     2.50 KB ( <1%) overhead. 
       Both:      7.19 MB capacity,     7.08 MB ( 98%) used,   104.14 KB (  1%) free+waste,     7.50 KB ( <1%) overhead. 

Virtual space:
  Non-class space:       30.00 MB reserved,       6.50 MB ( 22%) committed 
      Class space:        1.00 GB reserved,     768.00 KB ( <1%) committed 
             Both:        1.03 GB reserved,       7.25 MB ( <1%) committed 

Chunk freelists:
   Non-Class:  0 bytes
       Class:  3.25 KB
        Both:  3.25 KB

CodeHeap 'non-profiled nmethods': size=120064Kb used=95Kb max_used=95Kb free=119968Kb
 bounds [0x000001cdbe880000, 0x000001cdbeaf0000, 0x000001cdc5dc0000]
CodeHeap 'profiled nmethods': size=120000Kb used=371Kb max_used=371Kb free=119628Kb
 bounds [0x000001cdb7350000, 0x000001cdb75c0000, 0x000001cdbe880000]
CodeHeap 'non-nmethods': size=5696Kb used=1059Kb max_used=1072Kb free=4636Kb
 bounds [0x000001cdb6dc0000, 0x000001cdb7030000, 0x000001cdb7350000]
 total_blobs=749 nmethods=307 adapters=261
 compilation: enabled
              stopped_count=0, restarted_count=0
 full_count=0

Compilation events (10 events):
Event: 0.590 Thread 0x000001cdcb01c800 nmethod 301 0x000001cdbe897690 code [0x000001cdbe897820, 0x000001cdbe8978b8]
Event: 0.591 Thread 0x000001cdcb025000 nmethod 302 0x000001cdb73ab690 code [0x000001cdb73ab860, 0x000001cdb73abbb8]
Event: 0.591 Thread 0x000001cdcb025000  303       3       java.nio.DirectIntBufferU::ix (10 bytes)
Event: 0.591 Thread 0x000001cdcb025000 nmethod 303 0x000001cdb73abd90 code [0x000001cdb73abf40, 0x000001cdb73ac0b8]
Event: 0.592 Thread 0x000001cdcb025000  304       1       java.lang.Integer::intValue (5 bytes)
Event: 0.592 Thread 0x000001cdcb025000 nmethod 304 0x000001cdbe897990 code [0x000001cdbe897b40, 0x000001cdbe897c58]
Event: 0.605 Thread 0x000001cdcb025000  306       3       java.lang.invoke.MethodType::equals (29 bytes)
Event: 0.605 Thread 0x000001cdcb025000 nmethod 306 0x000001cdb73ac190 code [0x000001cdb73ac380, 0x000001cdb73ac8b0]
Event: 0.605 Thread 0x000001cdcb025000  307       3       jdk.internal.org.objectweb.asm.ByteVector::put12 (64 bytes)
Event: 0.606 Thread 0x000001cdcb025000 nmethod 307 0x000001cdb73ac990 code [0x000001cdb73acb60, 0x000001cdb73acdf0]

GC Heap History (2 events):
Event: 0.606 GC heap before
{Heap before GC invocations=0 (full 0):
 garbage-first heap   total 65536K, used 3072K [0x00000000c1800000, 0x0000000100000000)
  region size 1024K, 4 young (4096K), 0 survivors (0K)
 Metaspace       used 7254K, capacity 7366K, committed 7424K, reserved 1077248K
  class space    used 650K, capacity 710K, committed 768K, reserved 1048576K
}
Event: 0.611 GC heap after
{Heap after GC invocations=1 (full 0):
 garbage-first heap   total 65536K, used 1224K [0x00000000c1800000, 0x0000000100000000)
  region size 1024K, 2 young (2048K), 2 survivors (2048K)
 Metaspace       used 7254K, capacity 7366K, committed 7424K, reserved 1077248K
  class space    used 650K, capacity 710K, committed 768K, reserved 1048576K
}

Deoptimization events (6 events):
Event: 0.374 Thread 0x000001cdaea9c000 Uncommon trap: reason=unstable_if action=reinterpret pc=0x000001cdbe88c0f8 method=java.lang.String.isLatin1()Z @ 10 c2
Event: 0.375 Thread 0x000001cdaea9c000 Uncommon trap: reason=unstable_if action=reinterpret pc=0x000001cdbe886290 method=java.lang.String.isLatin1()Z @ 10 c2
Event: 0.428 Thread 0x000001cdaea9c000 Uncommon trap: reason=class_check action=maybe_recompile pc=0x000001cdbe88ec34 method=java.util.HashMap.putVal(ILjava/lang/Object;Ljava/lang/Object;ZZ)Ljava/lang/Object; @ 152 c2
Event: 0.449 Thread 0x000001cdaea9c000 Uncommon trap: reason=class_check action=maybe_recompile pc=0x000001cdbe88ec34 method=java.util.HashMap.putVal(ILjava/lang/Object;Ljava/lang/Object;ZZ)Ljava/lang/Object; @ 152 c2
Event: 0.505 Thread 0x000001cdaea9c000 Uncommon trap: reason=class_check action=maybe_recompile pc=0x000001cdbe88ec34 method=java.util.HashMap.putVal(ILjava/lang/Object;Ljava/lang/Object;ZZ)Ljava/lang/Object; @ 152 c2
Event: 0.505 Thread 0x000001cdaea9c000 Uncommon trap: reason=class_check action=maybe_recompile pc=0x000001cdbe88ec34 method=java.util.HashMap.putVal(ILjava/lang/Object;Ljava/lang/Object;ZZ)Ljava/lang/Object; @ 152 c2

Classes redefined (0 events):
No events

Internal exceptions (1 events):
Event: 0.525 Thread 0x000001cdaea9c000 Exception <a 'java/io/FileNotFoundException'{0x00000000c55a66a8}> (0x00000000c55a66a8) thrown at [t:/workspace/open/src/hotspot/share/prims/jni.cpp, line 615]

Events (10 events):
Event: 0.604 loading class java/util/regex/Pattern$BmpCharProperty
Event: 0.604 loading class java/util/regex/Pattern$CharProperty
Event: 0.604 loading class java/util/regex/Pattern$CharProperty done
Event: 0.604 loading class java/util/regex/Pattern$BmpCharProperty done
Event: 0.604 loading class java/util/regex/Pattern$BitClass done
Event: 0.604 loading class java/util/regex/Pattern$BmpCharPredicate
Event: 0.604 loading class java/util/regex/Pattern$CharPredicate
Event: 0.605 loading class java/util/regex/Pattern$CharPredicate done
Event: 0.605 loading class java/util/regex/Pattern$BmpCharPredicate done
Event: 0.606 Executing VM operation: CollectForMetadataAllocation


Dynamic libraries:
0x00007ff67adc0000 - 0x00007ff67ae07000 	C:\Program Files\Java\jdk-11.0.1\bin\java.exe
0x00007ffef3d00000 - 0x00007ffef3ee1000 	C:\WINDOWS\SYSTEM32\ntdll.dll
0x00007ffef2390000 - 0x00007ffef2442000 	C:\WINDOWS\System32\KERNEL32.DLL
0x00007ffef0a50000 - 0x00007ffef0cc3000 	C:\WINDOWS\System32\KERNELBASE.dll
0x00007ffef1c90000 - 0x00007ffef1d31000 	C:\WINDOWS\System32\ADVAPI32.dll
0x00007ffef2780000 - 0x00007ffef281e000 	C:\WINDOWS\System32\msvcrt.dll
0x00007ffef1330000 - 0x00007ffef138b000 	C:\WINDOWS\System32\sechost.dll
0x00007ffef2150000 - 0x00007ffef2274000 	C:\WINDOWS\System32\RPCRT4.dll
0x00007ffef17e0000 - 0x00007ffef1970000 	C:\WINDOWS\System32\USER32.dll
0x00007ffef0990000 - 0x00007ffef09b0000 	C:\WINDOWS\System32\win32u.dll
0x00007ffef22e0000 - 0x00007ffef2308000 	C:\WINDOWS\System32\GDI32.dll
0x00007ffef0cd0000 - 0x00007ffef0e62000 	C:\WINDOWS\System32\gdi32full.dll
0x00007ffef09b0000 - 0x00007ffef0a4f000 	C:\WINDOWS\System32\msvcp_win.dll
0x00007ffef07e0000 - 0x00007ffef08da000 	C:\WINDOWS\System32\ucrtbase.dll
0x00007ffedcd20000 - 0x00007ffedcf89000 	C:\WINDOWS\WinSxS\amd64_microsoft.windows.common-controls_6595b64144ccf1df_6.0.17134.590_none_fb3d9bff3069e088\COMCTL32.dll
0x00007ffef1e20000 - 0x00007ffef2142000 	C:\WINDOWS\System32\combase.dll
0x00007ffef1110000 - 0x00007ffef118a000 	C:\WINDOWS\System32\bcryptPrimitives.dll
0x00007ffedd0d0000 - 0x00007ffedd0da000 	C:\WINDOWS\SYSTEM32\VERSION.dll
0x00007ffef26f0000 - 0x00007ffef271d000 	C:\WINDOWS\System32\IMM32.DLL
0x00007ffeeaad0000 - 0x00007ffeeaae6000 	C:\Program Files\Java\jdk-11.0.1\bin\vcruntime140.dll
0x00007ffed3900000 - 0x00007ffed39aa000 	C:\Program Files\Java\jdk-11.0.1\bin\msvcp140.dll
0x00007ffec3470000 - 0x00007ffec3fb2000 	C:\Program Files\Java\jdk-11.0.1\bin\server\jvm.dll
0x00007ffef3cc0000 - 0x00007ffef3cc8000 	C:\WINDOWS\System32\PSAPI.DLL
0x00007ffeedcc0000 - 0x00007ffeedce3000 	C:\WINDOWS\SYSTEM32\WINMM.dll
0x00007ffeed950000 - 0x00007ffeed97a000 	C:\WINDOWS\SYSTEM32\WINMMBASE.dll
0x00007ffef1060000 - 0x00007ffef10a9000 	C:\WINDOWS\System32\cfgmgr32.dll
0x00007ffeeec00000 - 0x00007ffeeec09000 	C:\WINDOWS\SYSTEM32\WSOCK32.dll
0x00007ffef2450000 - 0x00007ffef24bc000 	C:\WINDOWS\System32\WS2_32.dll
0x00007ffef0090000 - 0x00007ffef00a1000 	C:\WINDOWS\System32\kernel.appcore.dll
0x00007ffee9600000 - 0x00007ffee9611000 	C:\Program Files\Java\jdk-11.0.1\bin\verify.dll
0x00007ffeeea00000 - 0x00007ffeeebc9000 	C:\WINDOWS\SYSTEM32\DBGHELP.DLL
0x00007ffeda330000 - 0x00007ffeda359000 	C:\WINDOWS\SYSTEM32\dbgcore.DLL
0x00007ffedad90000 - 0x00007ffedadb9000 	C:\Program Files\Java\jdk-11.0.1\bin\java.dll
0x00007ffed7ad0000 - 0x00007ffed7aff000 	C:\Program Files\Java\jdk-11.0.1\bin\instrument.dll
0x00007ffee9590000 - 0x00007ffee95a6000 	C:\Program Files\Java\jdk-11.0.1\bin\zip.dll
0x00007ffeedf20000 - 0x00007ffeedf2a000 	C:\Program Files\Java\jdk-11.0.1\bin\jimage.dll
0x00007ffef2820000 - 0x00007ffef3c60000 	C:\WINDOWS\System32\SHELL32.dll
0x00007ffef1d70000 - 0x00007ffef1e19000 	C:\WINDOWS\System32\shcore.dll
0x00007ffef00d0000 - 0x00007ffef07dd000 	C:\WINDOWS\System32\windows.storage.dll
0x00007ffef2280000 - 0x00007ffef22d1000 	C:\WINDOWS\System32\shlwapi.dll
0x00007ffef0060000 - 0x00007ffef007f000 	C:\WINDOWS\System32\profapi.dll
0x00007ffef0010000 - 0x00007ffef005c000 	C:\WINDOWS\System32\powrprof.dll
0x00007ffef0080000 - 0x00007ffef008a000 	C:\WINDOWS\System32\FLTLIB.DLL
0x00007ffee3780000 - 0x00007ffee3799000 	C:\Program Files\Java\jdk-11.0.1\bin\net.dll
0x00007ffee38d0000 - 0x00007ffee39ad000 	C:\WINDOWS\SYSTEM32\WINHTTP.dll
0x00007ffeef830000 - 0x00007ffeef896000 	C:\WINDOWS\system32\mswsock.dll
0x00007ffedc7e0000 - 0x00007ffedc7f3000 	C:\Program Files\Java\jdk-11.0.1\bin\nio.dll
0x00007ffed8bd0000 - 0x00007ffed8bea000 	C:\Program Files\JetBrains\IntelliJ IDEA Community Edition 2018.2.6\bin\breakgen64.dll

dbghelp: loaded successfully - version: 4.0.5 - missing functions: none
symbol engine: initialized successfully - sym options: 0x614 - pdb path: .;C:\Program Files\Java\jdk-11.0.1\bin;C:\WINDOWS\SYSTEM32;C:\WINDOWS\WinSxS\amd64_microsoft.windows.common-controls_6595b64144ccf1df_6.0.17134.590_none_fb3d9bff3069e088;C:\Program Files\Java\jdk-11.0.1\bin\server;C:\Program Files\JetBrains\IntelliJ IDEA Community Edition 2018.2.6\bin

VM Arguments:
jvm_args: -ea -Didea.test.cyclic.buffer.size=1048576 -javaagent:C:\Program Files\JetBrains\IntelliJ IDEA Community Edition 2018.2.6\lib\idea_rt.jar=63470:C:\Program Files\JetBrains\IntelliJ IDEA Community Edition 2018.2.6\bin -Dfile.encoding=UTF-8 
java_command: com.intellij.rt.execution.junit.JUnitStarter -ideVersion5 -junit4 TestUnionFind,UnionTest
java_class_path (initial): C:\Program Files\JetBrains\IntelliJ IDEA Community Edition 2018.2.6\lib\idea_rt.jar;C:\Program Files\JetBrains\IntelliJ IDEA Community Edition 2018.2.6\plugins\junit\lib\junit-rt.jar;C:\Program Files\JetBrains\IntelliJ IDEA Community Edition 2018.2.6\plugins\junit\lib\junit5-rt.jar;C:\Users\a2259\Desktop\UCBerkeley CS61B-Sp19\skeleton-sp18, 19\lab6\out\production\lab6;C:\Users\a2259\Desktop\UCBerkeley CS61B-Sp19\skeleton-sp18, 19\library-sp18\javalib\algs4.jar;C:\Users\a2259\Desktop\UCBerkeley CS61B-Sp19\skeleton-sp18, 19\library-sp18\javalib\jh61b.jar;C:\Users\a2259\Desktop\UCBerkeley CS61B-Sp19\skeleton-sp18, 19\library-sp18\javalib\stdlib.jar;C:\Users\a2259\Desktop\UCBerkeley CS61B-Sp19\skeleton-sp18, 19\library-sp18\javalib\junit-4.12.jar;C:\Users\a2259\Desktop\UCBerkeley CS61B-Sp19\skeleton-sp18, 19\library-sp18\javalib\stdlib-package.jar;C:\Users\a2259\Desktop\UCBerkeley CS61B-Sp19\skeleton-sp18, 19\library-sp18\javalib\hamcrest-core-1.3.jar
Launcher Type: SUN_STANDARD

[Global flags]
     intx CICompilerCount                          = 3                                         {product} {ergonomic}
     uint ConcGCThreads                            = 1                                         {product} {ergonomic}
     uint G1ConcRefinementThreads                  = 4                                         {product} {ergonomic}
   size_t G1HeapRegionSize                         = 1048576                                   {product} {ergonomic}
    uintx GCDrainStackTargetSize                   = 64                                        {product} {ergonomic}
   size_t InitialHeapSize                          = 67108864                                  {product} {ergonomic}
   size_t MarkStackSize                            = 4194304                                   {product} {ergonomic}
   size_t MaxHeapSize                              = 1048576000                                {product} {ergonomic}
   size_t MaxNewSize                               = 629145600                                 {product} {ergonomic}
   size_t MinHeapDeltaBytes                        = 1048576                                   {product} {ergonomic}
    uintx NonNMethodCodeHeapSize                   = 5830092                                {pd product} {ergonomic}
    uintx NonProfiledCodeHeapSize                  = 122914074                              {pd product} {ergonomic}
    uintx ProfiledCodeHeapSize                     = 122914074                              {pd product} {ergonomic}
    uintx ReservedCodeCacheSize                    = 251658240                              {pd product} {ergonomic}
     bool SegmentedCodeCache                       = true                                      {product} {ergonomic}
     bool UseCompressedClassPointers               = true                                 {lp64_product} {ergonomic}
     bool UseCompressedOops                        = true                                 {lp64_product} {ergonomic}
     bool UseG1GC                                  = true                                      {product} {ergonomic}
     bool UseLargePagesIndividualAllocation        = false                                  {pd product} {ergonomic}

Logging:
Log output configuration:
 #0: stdout all=warning uptime,level,tags
 #1: stderr all=off uptime,level,tags

Environment Variables:
JAVA_HOME=C:\Program Files\Java\jdk1.8.0_191
PATH=C:\Program Files (x86)\Common Files\Oracle\Java\javapath;C:\ProgramData\Anaconda3;C:\ProgramData\Anaconda3\Library\mingw-w64\bin;C:\ProgramData\Anaconda3\Library\usr\bin;C:\ProgramData\Anaconda3\Library\bin;C:\ProgramData\Anaconda3\Scripts;C:\Perl64\site\bin;C:\Perl64\bin;C:\ProgramData\Oracle\Java\javapath;C:\Program Files (x86)\Intel\iCLS Client\;C:\Program Files\Intel\iCLS Client\;C:\WINDOWS\system32;C:\WINDOWS;C:\WINDOWS\System32\Wbem;C:\WINDOWS\System32\WindowsPowerShell\v1.0;C:\Program Files (x86)\Intel\Intel(R) Management Engine Components\DAL;C:\Program Files\Intel\Intel(R) Management Engine Components\DAL;C:\Program Files (x86)\Intel\Intel(R) Management Engine Components\IPT;C:\Program Files\Intel\Intel(R) Management Engine Components\IPT;C:\Program Files (x86)\Pandoc\;C:\Program Files\Intel\WiFi\bin\;C:\Program Files\Common Files\Intel\WirelessCommon\;C:\Program Files\dotnet\;C:\WINDOWS\System32\OpenSSH\;C:\Program Files\Microsoft VS Code\bin;C:\Program Files\Java\jdk1.8.0_191\bin;C:\Program Files\Sublime Text 3;C:\Users\a2259\AppData\Local\Programs\Python\Python37\Scripts\;C:\Users\a2259\AppData\Local\Programs\Python\Python37\;"C:\Users\a2259\AppData\Local\Microsoft\WindowsApps;C:\python36\script";C:\Users\a2259\AppData\Local\atom\bin;C:\Users\a2259\AppData\Local\SQLite;C:\Users\a2259\AppData\Local\GitHubDesktop\bin
USERNAME=petersue
OS=Windows_NT
PROCESSOR_IDENTIFIER=Intel64 Family 6 Model 78 Stepping 3, GenuineIntel



---------------  S Y S T E M  ---------------

OS: Windows 10 , 64 bit Build 17134 (10.0.17134.556)

CPU:total 4 (initial active 4) (2 cores per cpu, 2 threads per core) family 6 model 78 stepping 3, cmov, cx8, fxsr, mmx, sse, sse2, sse3, ssse3, sse4.1, sse4.2, popcnt, avx, avx2, aes, clmul, erms, 3dnowpref, lzcnt, ht, tsc, tscinvbit, bmi1, bmi2, adx, fma

Memory: 4k page, system-wide physical 3992M (369M free)
TotalPageFile size 16280M (AvailPageFile size 133M)
current process WorkingSet (physical memory assigned to process): 37M, peak: 37M
current process commit charge ("private bytes"): 132M, peak: 133M

vm_info: Java HotSpot(TM) 64-Bit Server VM (11.0.1+13-LTS) for windows-amd64 JRE (11.0.1+13-LTS), built on Oct  6 2018 13:20:16 by "mach5one" with MS VC++ 15.5 (VS2017)

END.
